<?xml version="1.0" encoding="UTF-8"?>
<testsuite name="ru.stqa.pft.addressbook.tests.GroupDeletionTests" tests="1" skipped="0" failures="0" errors="0" timestamp="2019-05-05T21:14:15" hostname="maxim" time="0.413">
  <properties/>
  <testcase name="testGroupDeletion" classname="ru.stqa.pft.addressbook.tests.GroupDeletionTests" time="0.413"/>
  <system-out><![CDATA[Hibernate: select groupdata0_.group_id as group_id1_2_, groupdata0_.group_footer as group_fo2_2_, groupdata0_.group_header as group_he3_2_, groupdata0_.group_name as group_na4_2_ from group_list groupdata0_
Hibernate: select groupdata0_.group_id as group_id1_2_, groupdata0_.group_footer as group_fo2_2_, groupdata0_.group_header as group_he3_2_, groupdata0_.group_name as group_na4_2_ from group_list groupdata0_
]]></system-out>
  <system-err><![CDATA[]]></system-err>
</testsuite>
